# list of directories to be excluded from backup
#
# please be aware that these are egrep patterns, not shell patterns!
# default (if no line here): no directory excluded
# exclude /var/home if we have /home
# exlude various locally- and dynamically-generated files
# from kernel sources, just backup top directory (containting .config)
#
^/cdrom
^/dev
^/floppy
^/home
^/media
^/mnt
^/proc
^/sfs
^/tmp
# without ^ to prevent recursive backups
/var/backups/isibackup
^/var/cache/apt/archives
^/var/home
^/var/spool/squid
^/var/tmp
^/var/www
# common exclusions
# 
